2022-01-02 23:30:37,925:WARNING:discord.client: PyNaCl is not installed, voice will NOT be supported
2022-01-02 23:30:37,933:DEBUG:discord.client: on_ready has successfully been registered as an event
2022-01-02 23:30:37,933:INFO:discord.client: logging in using static token
2022-01-02 23:30:38,233:DEBUG:discord.http: GET https://discord.com/api/v7/users/@me with None has returned 200
2022-01-02 23:30:38,235:DEBUG:discord.http: GET https://discord.com/api/v7/users/@me has received {'id': '927435202819653653', 'username': 'TestBot', 'avatar': None, 'discriminator': '1837', 'public_flags': 0, 'flags': 0, 'bot': True, 'banner': None, 'banner_color': None, 'accent_color': None, 'bio': '', 'locale': 'en-US', 'mfa_enabled': False, 'email': None, 'verified': True}
2022-01-02 23:30:38,265:DEBUG:discord.http: GET https://discord.com/api/v7/gateway with None has returned 200
2022-01-02 23:30:38,266:DEBUG:discord.http: GET https://discord.com/api/v7/gateway has received {'url': 'wss://gateway.discord.gg'}
2022-01-02 23:30:38,450:DEBUG:discord.gateway: Created websocket connected to wss://gateway.discord.gg?encoding=json&v=6&compress=zlib-stream
2022-01-02 23:30:38,451:DEBUG:discord.client: Dispatching event socket_raw_receive
2022-01-02 23:30:38,452:DEBUG:discord.gateway: For Shard ID None: WebSocket Event: {'t': None, 's': None, 'op': 10, 'd': {'heartbeat_interval': 41250, '_trace': ['["gateway-prd-main-dj54",{"micros":0.0}]']}}
2022-01-02 23:30:38,453:DEBUG:discord.client: Dispatching event socket_response
2022-01-02 23:30:38,454:DEBUG:discord.client: Dispatching event socket_raw_send
2022-01-02 23:30:38,456:DEBUG:discord.client: Dispatching event socket_raw_send
2022-01-02 23:30:38,456:INFO:discord.gateway: Shard ID None has sent the IDENTIFY payload.
2022-01-02 23:30:38,550:DEBUG:discord.client: Dispatching event socket_raw_receive
2022-01-02 23:30:38,551:DEBUG:discord.gateway: For Shard ID None: WebSocket Event: {'t': None, 's': None, 'op': 11, 'd': None}
2022-01-02 23:30:38,553:DEBUG:discord.client: Dispatching event socket_response
2022-01-02 23:30:38,600:DEBUG:discord.client: Dispatching event socket_raw_receive
2022-01-02 23:30:38,601:DEBUG:discord.gateway: For Shard ID None: WebSocket Event: {'t': 'READY', 's': 1, 'op': 0, 'd': {'v': 6, 'user_settings': {}, 'user': {'verified': True, 'username': 'TestBot', 'mfa_enabled': False, 'id': '927435202819653653', 'flags': 0, 'email': None, 'discriminator': '1837', 'bot': True, 'avatar': None}, 'session_id': 'ef749d3ca20935d33867c9d5bcfd2dac', 'relationships': [], 'private_channels': [], 'presences': [], 'guilds': [{'unavailable': True, 'id': '927444899169726474'}], 'guild_join_requests': [], 'geo_ordered_rtc_regions': ['us-west', 'santa-clara', 'seattle', 'us-south', 'us-central'], 'application': {'id': '927435202819653653', 'flags': 262144}, '_trace': ['["gateway-prd-main-dj54",{"micros":50812,"calls":["discord-sessions-blue-prd-2-175",{"micros":49937,"calls":["start_session",{"micros":34305,"calls":["api-prd-main-rdh8",{"micros":30409,"calls":["get_user",{"micros":3208},"add_authorized_ip",{"micros":1429},"get_guilds",{"micros":3336},"coros_wait",{"micros":1}]}]},"guilds_connect",{"micros":2,"calls":[]},"presence_connect",{"micros":6079,"calls":[]}]}]}]']}}
2022-01-02 23:30:38,603:DEBUG:discord.client: Dispatching event socket_response
2022-01-02 23:30:38,603:INFO:discord.gateway: Shard ID None has connected to Gateway: ["gateway-prd-main-dj54",{"micros":50812,"calls":["discord-sessions-blue-prd-2-175",{"micros":49937,"calls":["start_session",{"micros":34305,"calls":["api-prd-main-rdh8",{"micros":30409,"calls":["get_user",{"micros":3208},"add_authorized_ip",{"micros":1429},"get_guilds",{"micros":3336},"coros_wait",{"micros":1}]}]},"guilds_connect",{"micros":2,"calls":[]},"presence_connect",{"micros":6079,"calls":[]}]}]}] (Session ID: ef749d3ca20935d33867c9d5bcfd2dac).
2022-01-02 23:30:38,611:DEBUG:discord.client: Dispatching event connect
2022-01-02 23:30:38,612:DEBUG:discord.client: Dispatching event socket_raw_receive
2022-01-02 23:30:38,612:DEBUG:discord.gateway: For Shard ID None: WebSocket Event: {'t': 'GUILD_CREATE', 's': 2, 'op': 0, 'd': {'system_channel_flags': 0, 'mfa_level': 0, 'member_count': 2, 'name': 'my bot', 'afk_channel_id': None, 'icon': None, 'description': None, 'discovery_splash': None, 'application_command_counts': {'3': 0, '2': 0, '1': 0}, 'splash': None, 'application_id': None, 'embedded_activities': [], 'application_command_count': 0, 'preferred_locale': 'en-US', 'stage_instances': [], 'rules_channel_id': None, 'explicit_content_filter': 0, 'voice_states': [], 'nsfw_level': 0, 'unavailable': False, 'vanity_url_code': None, 'large': False, 'emojis': [], 'lazy': True, 'premium_tier': 0, 'guild_hashes': {'version': 1, 'roles': {'omitted': False, 'hash': 'zjy6jCEQwEc'}, 'metadata': {'omitted': False, 'hash': 'lU+wbXeye9M'}, 'channels': {'omitted': False, 'hash': '8oMsh8uiXq8'}}, 'max_members': 250000, 'members': [{'user': {'username': 'TestBot', 'id': '927435202819653653', 'discriminator': '1837', 'bot': True, 'avatar': None}, 'roles': [], 'premium_since': None, 'pending': False, 'nick': None, 'mute': False, 'joined_at': '2022-01-03T06:16:24.316539+00:00', 'hoisted_role': None, 'deaf': False, 'communication_disabled_until': None, 'avatar': None}], 'verification_level': 0, 'threads': [], 'owner_id': '397458861067468810', 'hub_type': None, 'presences': [], 'stickers': [], 'channels': [{'type': 4, 'position': 0, 'permission_overwrites': [], 'name': 'Text Channels', 'id': '927444899169726475'}, {'type': 4, 'position': 0, 'permission_overwrites': [], 'name': 'Voice Channels', 'id': '927444899169726476'}, {'type': 0, 'topic': None, 'rate_limit_per_user': 0, 'position': 0, 'permission_overwrites': [], 'parent_id': '927444899169726475', 'name': 'general', 'last_message_id': '927463327418961920', 'id': '927444899169726477'}, {'user_limit': 0, 'type': 2, 'rtc_region': None, 'rate_limit_per_user': 0, 'position': 0, 'permission_overwrites': [], 'parent_id': '927444899169726476', 'name': 'General', 'last_message_id': None, 'id': '927444899169726478', 'bitrate': 64000}], 'system_channel_id': '927444899169726477', 'public_updates_channel_id': None, 'id': '927444899169726474', 'default_message_notifications': 0, 'guild_scheduled_events': [], 'banner': None, 'afk_timeout': 300, 'max_video_channel_users': 25, 'features': [], 'roles': [{'unicode_emoji': None, 'position': 0, 'permissions_new': '1071698660929', 'permissions': 104320577, 'name': '@everyone', 'mentionable': False, 'managed': False, 'id': '927444899169726474', 'icon': None, 'hoist': False, 'color': 0}], 'premium_subscription_count': 0, 'joined_at': '2022-01-03T06:16:24.316539+00:00', 'premium_progress_bar_enabled': False, 'region': 'deprecated', 'nsfw': False}}
2022-01-02 23:30:38,613:DEBUG:discord.client: Dispatching event socket_response
2022-01-02 23:30:38,613:DEBUG:discord.client: Dispatching event guild_available
2022-01-02 23:30:40,617:DEBUG:discord.client: Dispatching event ready
2022-01-02 23:30:53,607:DEBUG:discord.client: Dispatching event socket_raw_receive
2022-01-02 23:30:53,608:DEBUG:discord.gateway: For Shard ID None: WebSocket Event: {'t': 'MESSAGE_CREATE', 's': 3, 'op': 0, 'd': {'type': 0, 'tts': False, 'timestamp': '2022-01-03T07:30:52.622000+00:00', 'referenced_message': None, 'pinned': False, 'nonce': '927464018472337408', 'mentions': [], 'mention_roles': [], 'mention_everyone': False, 'member': {'roles': [], 'mute': False, 'joined_at': '2022-01-03T06:14:55.065000+00:00', 'hoisted_role': None, 'deaf': False}, 'id': '927464014991200257', 'flags': 0, 'embeds': [], 'edited_timestamp': None, 'content': '$echo test', 'components': [], 'channel_id': '927444899169726477', 'author': {'username': 'ecii', 'public_flags': 64, 'id': '397458861067468810', 'discriminator': '6455', 'avatar': '646295253a0945a6c6cb01ef90a1d26a'}, 'attachments': [], 'guild_id': '927444899169726474'}}
2022-01-02 23:30:53,610:DEBUG:discord.client: Dispatching event socket_response
2022-01-02 23:30:53,630:DEBUG:discord.client: Dispatching event message
2022-01-02 23:30:53,632:DEBUG:discord.client: Dispatching event command
2022-01-02 23:30:53,864:DEBUG:discord.client: Dispatching event socket_raw_receive
2022-01-02 23:30:53,865:DEBUG:discord.gateway: For Shard ID None: WebSocket Event: {'t': 'MESSAGE_CREATE', 's': 4, 'op': 0, 'd': {'type': 0, 'tts': False, 'timestamp': '2022-01-03T07:30:52.893000+00:00', 'referenced_message': None, 'pinned': False, 'mentions': [], 'mention_roles': [], 'mention_everyone': False, 'member': {'roles': [], 'premium_since': None, 'pending': False, 'nick': None, 'mute': False, 'joined_at': '2022-01-03T06:16:24.316539+00:00', 'hoisted_role': None, 'deaf': False, 'communication_disabled_until': None, 'avatar': None}, 'id': '927464016127881257', 'flags': 0, 'embeds': [], 'edited_timestamp': None, 'content': 'test', 'components': [], 'channel_id': '927444899169726477', 'author': {'username': 'TestBot', 'public_flags': 0, 'id': '927435202819653653', 'discriminator': '1837', 'bot': True, 'avatar': None}, 'attachments': [], 'guild_id': '927444899169726474'}}
2022-01-02 23:30:53,866:DEBUG:discord.client: Dispatching event socket_response
2022-01-02 23:30:53,879:DEBUG:discord.client: Dispatching event message
2022-01-02 23:30:53,882:DEBUG:discord.http: POST https://discord.com/api/v7/channels/927444899169726477/messages with {"content":"test"} has returned 200
2022-01-02 23:30:53,883:DEBUG:discord.http: POST https://discord.com/api/v7/channels/927444899169726477/messages has received {'id': '927464016127881257', 'type': 0, 'content': 'test', 'channel_id': '927444899169726477', 'author': {'id': '927435202819653653', 'username': 'TestBot', 'avatar': None, 'discriminator': '1837', 'public_flags': 0, 'bot': True}, 'attachments': [], 'embeds': [], 'mentions': [], 'mention_roles': [], 'pinned': False, 'mention_everyone': False, 'tts': False, 'timestamp': '2022-01-03T07:30:52.893000+00:00', 'edited_timestamp': None, 'flags': 0, 'components': [], 'referenced_message': None}
2022-01-02 23:30:53,884:DEBUG:discord.client: Dispatching event command_completion
2022-01-02 23:31:19,708:DEBUG:discord.gateway: Keeping shard ID None websocket alive with sequence 4.
2022-01-02 23:31:19,801:DEBUG:discord.client: Dispatching event socket_raw_receive
2022-01-02 23:31:19,802:DEBUG:discord.gateway: For Shard ID None: WebSocket Event: {'t': None, 's': None, 'op': 11, 'd': None}
2022-01-02 23:31:19,803:DEBUG:discord.client: Dispatching event socket_response
2022-01-02 23:32:00,964:DEBUG:discord.gateway: Keeping shard ID None websocket alive with sequence 4.
2022-01-02 23:32:01,052:DEBUG:discord.client: Dispatching event socket_raw_receive
2022-01-02 23:32:01,052:DEBUG:discord.gateway: For Shard ID None: WebSocket Event: {'t': None, 's': None, 'op': 11, 'd': None}
2022-01-02 23:32:01,053:DEBUG:discord.client: Dispatching event socket_response
2022-01-02 23:32:42,219:DEBUG:discord.gateway: Keeping shard ID None websocket alive with sequence 4.
2022-01-02 23:32:42,309:DEBUG:discord.client: Dispatching event socket_raw_receive
2022-01-02 23:32:42,309:DEBUG:discord.gateway: For Shard ID None: WebSocket Event: {'t': None, 's': None, 'op': 11, 'd': None}
2022-01-02 23:32:42,311:DEBUG:discord.client: Dispatching event socket_response
2022-01-02 23:33:23,471:DEBUG:discord.gateway: Keeping shard ID None websocket alive with sequence 4.
2022-01-02 23:33:23,561:DEBUG:discord.client: Dispatching event socket_raw_receive
2022-01-02 23:33:23,562:DEBUG:discord.gateway: For Shard ID None: WebSocket Event: {'t': None, 's': None, 'op': 11, 'd': None}
2022-01-02 23:33:23,563:DEBUG:discord.client: Dispatching event socket_response
2022-01-02 23:34:04,726:DEBUG:discord.gateway: Keeping shard ID None websocket alive with sequence 4.
2022-01-02 23:34:04,814:DEBUG:discord.client: Dispatching event socket_raw_receive
2022-01-02 23:34:04,814:DEBUG:discord.gateway: For Shard ID None: WebSocket Event: {'t': None, 's': None, 'op': 11, 'd': None}
2022-01-02 23:34:04,816:DEBUG:discord.client: Dispatching event socket_response
2022-01-02 23:34:45,989:DEBUG:discord.gateway: Keeping shard ID None websocket alive with sequence 4.
2022-01-02 23:34:46,083:DEBUG:discord.client: Dispatching event socket_raw_receive
2022-01-02 23:34:46,083:DEBUG:discord.gateway: For Shard ID None: WebSocket Event: {'t': None, 's': None, 'op': 11, 'd': None}
2022-01-02 23:34:46,085:DEBUG:discord.client: Dispatching event socket_response
2022-01-02 23:35:27,248:DEBUG:discord.gateway: Keeping shard ID None websocket alive with sequence 4.
2022-01-02 23:35:27,334:DEBUG:discord.client: Dispatching event socket_raw_receive
2022-01-02 23:35:27,334:DEBUG:discord.gateway: For Shard ID None: WebSocket Event: {'t': None, 's': None, 'op': 11, 'd': None}
2022-01-02 23:35:27,335:DEBUG:discord.client: Dispatching event socket_response
2022-01-02 23:36:08,510:DEBUG:discord.gateway: Keeping shard ID None websocket alive with sequence 4.
2022-01-02 23:36:08,595:DEBUG:discord.client: Dispatching event socket_raw_receive
2022-01-02 23:36:08,595:DEBUG:discord.gateway: For Shard ID None: WebSocket Event: {'t': None, 's': None, 'op': 11, 'd': None}
2022-01-02 23:36:08,597:DEBUG:discord.client: Dispatching event socket_response
2022-01-02 23:36:49,772:DEBUG:discord.gateway: Keeping shard ID None websocket alive with sequence 4.
2022-01-02 23:36:49,858:DEBUG:discord.client: Dispatching event socket_raw_receive
2022-01-02 23:36:49,858:DEBUG:discord.gateway: For Shard ID None: WebSocket Event: {'t': None, 's': None, 'op': 11, 'd': None}
2022-01-02 23:36:49,860:DEBUG:discord.client: Dispatching event socket_response
2022-01-02 23:37:31,025:DEBUG:discord.gateway: Keeping shard ID None websocket alive with sequence 4.
2022-01-02 23:37:31,115:DEBUG:discord.client: Dispatching event socket_raw_receive
2022-01-02 23:37:31,115:DEBUG:discord.gateway: For Shard ID None: WebSocket Event: {'t': None, 's': None, 'op': 11, 'd': None}
2022-01-02 23:37:31,116:DEBUG:discord.client: Dispatching event socket_response
2022-01-02 23:38:12,280:DEBUG:discord.gateway: Keeping shard ID None websocket alive with sequence 4.
2022-01-02 23:38:12,366:DEBUG:discord.client: Dispatching event socket_raw_receive
2022-01-02 23:38:12,367:DEBUG:discord.gateway: For Shard ID None: WebSocket Event: {'t': None, 's': None, 'op': 11, 'd': None}
2022-01-02 23:38:12,368:DEBUG:discord.client: Dispatching event socket_response
2022-01-02 23:38:53,541:DEBUG:discord.gateway: Keeping shard ID None websocket alive with sequence 4.
2022-01-02 23:38:53,637:DEBUG:discord.client: Dispatching event socket_raw_receive
2022-01-02 23:38:53,638:DEBUG:discord.gateway: For Shard ID None: WebSocket Event: {'t': None, 's': None, 'op': 11, 'd': None}
2022-01-02 23:38:53,639:DEBUG:discord.client: Dispatching event socket_response
2022-01-02 23:39:34,807:DEBUG:discord.gateway: Keeping shard ID None websocket alive with sequence 4.
2022-01-02 23:39:34,893:DEBUG:discord.client: Dispatching event socket_raw_receive
2022-01-02 23:39:34,894:DEBUG:discord.gateway: For Shard ID None: WebSocket Event: {'t': None, 's': None, 'op': 11, 'd': None}
2022-01-02 23:39:34,895:DEBUG:discord.client: Dispatching event socket_response
2022-01-02 23:40:16,062:DEBUG:discord.gateway: Keeping shard ID None websocket alive with sequence 4.
2022-01-02 23:40:16,150:DEBUG:discord.client: Dispatching event socket_raw_receive
2022-01-02 23:40:16,151:DEBUG:discord.gateway: For Shard ID None: WebSocket Event: {'t': None, 's': None, 'op': 11, 'd': None}
2022-01-02 23:40:16,152:DEBUG:discord.client: Dispatching event socket_response
2022-01-02 23:40:57,323:DEBUG:discord.gateway: Keeping shard ID None websocket alive with sequence 4.
2022-01-02 23:40:57,414:DEBUG:discord.client: Dispatching event socket_raw_receive
2022-01-02 23:40:57,415:DEBUG:discord.gateway: For Shard ID None: WebSocket Event: {'t': None, 's': None, 'op': 11, 'd': None}
2022-01-02 23:40:57,416:DEBUG:discord.client: Dispatching event socket_response
2022-01-02 23:41:38,574:DEBUG:discord.gateway: Keeping shard ID None websocket alive with sequence 4.
2022-01-02 23:41:38,663:DEBUG:discord.client: Dispatching event socket_raw_receive
2022-01-02 23:41:38,664:DEBUG:discord.gateway: For Shard ID None: WebSocket Event: {'t': None, 's': None, 'op': 11, 'd': None}
2022-01-02 23:41:38,665:DEBUG:discord.client: Dispatching event socket_response
2022-01-02 23:42:19,836:DEBUG:discord.gateway: Keeping shard ID None websocket alive with sequence 4.
2022-01-02 23:42:19,932:DEBUG:discord.client: Dispatching event socket_raw_receive
2022-01-02 23:42:19,932:DEBUG:discord.gateway: For Shard ID None: WebSocket Event: {'t': None, 's': None, 'op': 11, 'd': None}
2022-01-02 23:42:19,934:DEBUG:discord.client: Dispatching event socket_response
2022-01-02 23:43:01,089:DEBUG:discord.gateway: Keeping shard ID None websocket alive with sequence 4.
2022-01-02 23:43:01,176:DEBUG:discord.client: Dispatching event socket_raw_receive
2022-01-02 23:43:01,177:DEBUG:discord.gateway: For Shard ID None: WebSocket Event: {'t': None, 's': None, 'op': 11, 'd': None}
2022-01-02 23:43:01,178:DEBUG:discord.client: Dispatching event socket_response
2022-01-02 23:43:42,349:DEBUG:discord.gateway: Keeping shard ID None websocket alive with sequence 4.
2022-01-02 23:43:42,438:DEBUG:discord.client: Dispatching event socket_raw_receive
2022-01-02 23:43:42,439:DEBUG:discord.gateway: For Shard ID None: WebSocket Event: {'t': None, 's': None, 'op': 11, 'd': None}
2022-01-02 23:43:42,441:DEBUG:discord.client: Dispatching event socket_response
2022-01-02 23:44:23,601:DEBUG:discord.gateway: Keeping shard ID None websocket alive with sequence 4.
2022-01-02 23:44:23,711:DEBUG:discord.client: Dispatching event socket_raw_receive
2022-01-02 23:44:23,711:DEBUG:discord.gateway: For Shard ID None: WebSocket Event: {'t': None, 's': None, 'op': 11, 'd': None}
2022-01-02 23:44:23,712:DEBUG:discord.client: Dispatching event socket_response
2022-01-02 23:45:04,863:DEBUG:discord.gateway: Keeping shard ID None websocket alive with sequence 4.
2022-01-02 23:45:04,951:DEBUG:discord.client: Dispatching event socket_raw_receive
2022-01-02 23:45:04,952:DEBUG:discord.gateway: For Shard ID None: WebSocket Event: {'t': None, 's': None, 'op': 11, 'd': None}
2022-01-02 23:45:04,953:DEBUG:discord.client: Dispatching event socket_response
2022-01-02 23:45:46,127:DEBUG:discord.gateway: Keeping shard ID None websocket alive with sequence 4.
2022-01-02 23:45:46,212:DEBUG:discord.client: Dispatching event socket_raw_receive
2022-01-02 23:45:46,212:DEBUG:discord.gateway: For Shard ID None: WebSocket Event: {'t': None, 's': None, 'op': 11, 'd': None}
2022-01-02 23:45:46,213:DEBUG:discord.client: Dispatching event socket_response
2022-01-02 23:46:27,382:DEBUG:discord.gateway: Keeping shard ID None websocket alive with sequence 4.
2022-01-02 23:46:27,472:DEBUG:discord.client: Dispatching event socket_raw_receive
2022-01-02 23:46:27,473:DEBUG:discord.gateway: For Shard ID None: WebSocket Event: {'t': None, 's': None, 'op': 11, 'd': None}
2022-01-02 23:46:27,474:DEBUG:discord.client: Dispatching event socket_response
2022-01-02 23:47:08,647:DEBUG:discord.gateway: Keeping shard ID None websocket alive with sequence 4.
2022-01-02 23:47:08,732:DEBUG:discord.client: Dispatching event socket_raw_receive
2022-01-02 23:47:08,732:DEBUG:discord.gateway: For Shard ID None: WebSocket Event: {'t': None, 's': None, 'op': 11, 'd': None}
2022-01-02 23:47:08,733:DEBUG:discord.client: Dispatching event socket_response
2022-01-02 23:47:49,898:DEBUG:discord.gateway: Keeping shard ID None websocket alive with sequence 4.
2022-01-02 23:47:49,984:DEBUG:discord.client: Dispatching event socket_raw_receive
2022-01-02 23:47:49,985:DEBUG:discord.gateway: For Shard ID None: WebSocket Event: {'t': None, 's': None, 'op': 11, 'd': None}
2022-01-02 23:47:49,986:DEBUG:discord.client: Dispatching event socket_response
2022-01-02 23:48:31,161:DEBUG:discord.gateway: Keeping shard ID None websocket alive with sequence 4.
2022-01-02 23:48:31,250:DEBUG:discord.client: Dispatching event socket_raw_receive
2022-01-02 23:48:31,251:DEBUG:discord.gateway: For Shard ID None: WebSocket Event: {'t': None, 's': None, 'op': 11, 'd': None}
2022-01-02 23:48:31,251:DEBUG:discord.client: Dispatching event socket_response
2022-01-02 23:49:12,425:DEBUG:discord.gateway: Keeping shard ID None websocket alive with sequence 4.
2022-01-02 23:49:12,509:DEBUG:discord.client: Dispatching event socket_raw_receive
2022-01-02 23:49:12,509:DEBUG:discord.gateway: For Shard ID None: WebSocket Event: {'t': None, 's': None, 'op': 11, 'd': None}
2022-01-02 23:49:12,511:DEBUG:discord.client: Dispatching event socket_response
2022-01-02 23:49:53,690:DEBUG:discord.gateway: Keeping shard ID None websocket alive with sequence 4.
2022-01-02 23:49:53,779:DEBUG:discord.client: Dispatching event socket_raw_receive
2022-01-02 23:49:53,780:DEBUG:discord.gateway: For Shard ID None: WebSocket Event: {'t': None, 's': None, 'op': 11, 'd': None}
2022-01-02 23:49:53,781:DEBUG:discord.client: Dispatching event socket_response
2022-01-02 23:50:34,952:DEBUG:discord.gateway: Keeping shard ID None websocket alive with sequence 4.
2022-01-02 23:50:35,036:DEBUG:discord.client: Dispatching event socket_raw_receive
2022-01-02 23:50:35,037:DEBUG:discord.gateway: For Shard ID None: WebSocket Event: {'t': None, 's': None, 'op': 11, 'd': None}
2022-01-02 23:50:35,038:DEBUG:discord.client: Dispatching event socket_response
2022-01-02 23:51:16,210:DEBUG:discord.gateway: Keeping shard ID None websocket alive with sequence 4.
2022-01-02 23:51:16,294:DEBUG:discord.client: Dispatching event socket_raw_receive
2022-01-02 23:51:16,295:DEBUG:discord.gateway: For Shard ID None: WebSocket Event: {'t': None, 's': None, 'op': 11, 'd': None}
2022-01-02 23:51:16,296:DEBUG:discord.client: Dispatching event socket_response
2022-01-02 23:51:57,465:DEBUG:discord.gateway: Keeping shard ID None websocket alive with sequence 4.
2022-01-02 23:51:57,553:DEBUG:discord.client: Dispatching event socket_raw_receive
2022-01-02 23:51:57,553:DEBUG:discord.gateway: For Shard ID None: WebSocket Event: {'t': None, 's': None, 'op': 11, 'd': None}
2022-01-02 23:51:57,555:DEBUG:discord.client: Dispatching event socket_response
2022-01-02 23:52:38,731:DEBUG:discord.gateway: Keeping shard ID None websocket alive with sequence 4.
2022-01-02 23:52:38,819:DEBUG:discord.client: Dispatching event socket_raw_receive
2022-01-02 23:52:38,819:DEBUG:discord.gateway: For Shard ID None: WebSocket Event: {'t': None, 's': None, 'op': 11, 'd': None}
2022-01-02 23:52:38,821:DEBUG:discord.client: Dispatching event socket_response
2022-01-02 23:53:19,985:DEBUG:discord.gateway: Keeping shard ID None websocket alive with sequence 4.
2022-01-02 23:53:20,072:DEBUG:discord.client: Dispatching event socket_raw_receive
2022-01-02 23:53:20,072:DEBUG:discord.gateway: For Shard ID None: WebSocket Event: {'t': None, 's': None, 'op': 11, 'd': None}
2022-01-02 23:53:20,074:DEBUG:discord.client: Dispatching event socket_response
2022-01-02 23:54:01,251:DEBUG:discord.gateway: Keeping shard ID None websocket alive with sequence 4.
2022-01-02 23:54:01,335:DEBUG:discord.client: Dispatching event socket_raw_receive
2022-01-02 23:54:01,336:DEBUG:discord.gateway: For Shard ID None: WebSocket Event: {'t': None, 's': None, 'op': 11, 'd': None}
2022-01-02 23:54:01,337:DEBUG:discord.client: Dispatching event socket_response
2022-01-02 23:54:42,514:DEBUG:discord.gateway: Keeping shard ID None websocket alive with sequence 4.
2022-01-02 23:54:42,601:DEBUG:discord.client: Dispatching event socket_raw_receive
2022-01-02 23:54:42,602:DEBUG:discord.gateway: For Shard ID None: WebSocket Event: {'t': None, 's': None, 'op': 11, 'd': None}
2022-01-02 23:54:42,603:DEBUG:discord.client: Dispatching event socket_response
2022-01-02 23:55:23,774:DEBUG:discord.gateway: Keeping shard ID None websocket alive with sequence 4.
2022-01-02 23:55:23,860:DEBUG:discord.client: Dispatching event socket_raw_receive
2022-01-02 23:55:23,861:DEBUG:discord.gateway: For Shard ID None: WebSocket Event: {'t': None, 's': None, 'op': 11, 'd': None}
2022-01-02 23:55:23,862:DEBUG:discord.client: Dispatching event socket_response
2022-01-02 23:56:05,027:DEBUG:discord.gateway: Keeping shard ID None websocket alive with sequence 4.
2022-01-02 23:56:05,112:DEBUG:discord.client: Dispatching event socket_raw_receive
2022-01-02 23:56:05,112:DEBUG:discord.gateway: For Shard ID None: WebSocket Event: {'t': None, 's': None, 'op': 11, 'd': None}
2022-01-02 23:56:05,114:DEBUG:discord.client: Dispatching event socket_response
2022-01-02 23:56:46,293:DEBUG:discord.gateway: Keeping shard ID None websocket alive with sequence 4.
2022-01-02 23:56:46,379:DEBUG:discord.client: Dispatching event socket_raw_receive
2022-01-02 23:56:46,379:DEBUG:discord.gateway: For Shard ID None: WebSocket Event: {'t': None, 's': None, 'op': 11, 'd': None}
2022-01-02 23:56:46,381:DEBUG:discord.client: Dispatching event socket_response
2022-01-02 23:57:27,548:DEBUG:discord.gateway: Keeping shard ID None websocket alive with sequence 4.
2022-01-02 23:57:27,637:DEBUG:discord.client: Dispatching event socket_raw_receive
2022-01-02 23:57:27,638:DEBUG:discord.gateway: For Shard ID None: WebSocket Event: {'t': None, 's': None, 'op': 11, 'd': None}
2022-01-02 23:57:27,639:DEBUG:discord.client: Dispatching event socket_response
2022-01-02 23:58:08,812:DEBUG:discord.gateway: Keeping shard ID None websocket alive with sequence 4.
2022-01-02 23:58:08,900:DEBUG:discord.client: Dispatching event socket_raw_receive
2022-01-02 23:58:08,900:DEBUG:discord.gateway: For Shard ID None: WebSocket Event: {'t': None, 's': None, 'op': 11, 'd': None}
2022-01-02 23:58:08,901:DEBUG:discord.client: Dispatching event socket_response
2022-01-02 23:58:50,065:DEBUG:discord.gateway: Keeping shard ID None websocket alive with sequence 4.
2022-01-02 23:58:50,155:DEBUG:discord.client: Dispatching event socket_raw_receive
2022-01-02 23:58:50,155:DEBUG:discord.gateway: For Shard ID None: WebSocket Event: {'t': None, 's': None, 'op': 11, 'd': None}
2022-01-02 23:58:50,157:DEBUG:discord.client: Dispatching event socket_response
2022-01-02 23:59:31,318:DEBUG:discord.gateway: Keeping shard ID None websocket alive with sequence 4.
2022-01-02 23:59:31,404:DEBUG:discord.client: Dispatching event socket_raw_receive
2022-01-02 23:59:31,405:DEBUG:discord.gateway: For Shard ID None: WebSocket Event: {'t': None, 's': None, 'op': 11, 'd': None}
2022-01-02 23:59:31,406:DEBUG:discord.client: Dispatching event socket_response
2022-01-03 00:00:12,573:DEBUG:discord.gateway: Keeping shard ID None websocket alive with sequence 4.
2022-01-03 00:00:12,668:DEBUG:discord.client: Dispatching event socket_raw_receive
2022-01-03 00:00:12,669:DEBUG:discord.gateway: For Shard ID None: WebSocket Event: {'t': None, 's': None, 'op': 11, 'd': None}
2022-01-03 00:00:12,670:DEBUG:discord.client: Dispatching event socket_response
2022-01-03 00:00:53,836:DEBUG:discord.gateway: Keeping shard ID None websocket alive with sequence 4.
2022-01-03 00:00:53,932:DEBUG:discord.client: Dispatching event socket_raw_receive
2022-01-03 00:00:53,933:DEBUG:discord.gateway: For Shard ID None: WebSocket Event: {'t': None, 's': None, 'op': 11, 'd': None}
2022-01-03 00:00:53,933:DEBUG:discord.client: Dispatching event socket_response
2022-01-03 00:01:35,097:DEBUG:discord.gateway: Keeping shard ID None websocket alive with sequence 4.
2022-01-03 00:01:35,181:DEBUG:discord.client: Dispatching event socket_raw_receive
2022-01-03 00:01:35,182:DEBUG:discord.gateway: For Shard ID None: WebSocket Event: {'t': None, 's': None, 'op': 11, 'd': None}
2022-01-03 00:01:35,183:DEBUG:discord.client: Dispatching event socket_response
2022-01-03 00:02:16,362:DEBUG:discord.gateway: Keeping shard ID None websocket alive with sequence 4.
2022-01-03 00:02:16,449:DEBUG:discord.client: Dispatching event socket_raw_receive
2022-01-03 00:02:16,450:DEBUG:discord.gateway: For Shard ID None: WebSocket Event: {'t': None, 's': None, 'op': 11, 'd': None}
2022-01-03 00:02:16,451:DEBUG:discord.client: Dispatching event socket_response
2022-01-03 00:02:57,621:DEBUG:discord.gateway: Keeping shard ID None websocket alive with sequence 4.
2022-01-03 00:02:57,705:DEBUG:discord.client: Dispatching event socket_raw_receive
2022-01-03 00:02:57,706:DEBUG:discord.gateway: For Shard ID None: WebSocket Event: {'t': None, 's': None, 'op': 11, 'd': None}
2022-01-03 00:02:57,707:DEBUG:discord.client: Dispatching event socket_response
2022-01-03 00:03:38,887:DEBUG:discord.gateway: Keeping shard ID None websocket alive with sequence 4.
2022-01-03 00:03:38,974:DEBUG:discord.client: Dispatching event socket_raw_receive
2022-01-03 00:03:38,975:DEBUG:discord.gateway: For Shard ID None: WebSocket Event: {'t': None, 's': None, 'op': 11, 'd': None}
2022-01-03 00:03:38,976:DEBUG:discord.client: Dispatching event socket_response
2022-01-03 00:04:20,139:DEBUG:discord.gateway: Keeping shard ID None websocket alive with sequence 4.
2022-01-03 00:04:20,230:DEBUG:discord.client: Dispatching event socket_raw_receive
2022-01-03 00:04:20,230:DEBUG:discord.gateway: For Shard ID None: WebSocket Event: {'t': None, 's': None, 'op': 11, 'd': None}
2022-01-03 00:04:20,231:DEBUG:discord.client: Dispatching event socket_response
2022-01-03 00:05:01,404:DEBUG:discord.gateway: Keeping shard ID None websocket alive with sequence 4.
2022-01-03 00:05:01,488:DEBUG:discord.client: Dispatching event socket_raw_receive
2022-01-03 00:05:01,488:DEBUG:discord.gateway: For Shard ID None: WebSocket Event: {'t': None, 's': None, 'op': 11, 'd': None}
2022-01-03 00:05:01,490:DEBUG:discord.client: Dispatching event socket_response
2022-01-03 00:05:42,662:DEBUG:discord.gateway: Keeping shard ID None websocket alive with sequence 4.
2022-01-03 00:05:42,753:DEBUG:discord.client: Dispatching event socket_raw_receive
2022-01-03 00:05:42,753:DEBUG:discord.gateway: For Shard ID None: WebSocket Event: {'t': None, 's': None, 'op': 11, 'd': None}
2022-01-03 00:05:42,755:DEBUG:discord.client: Dispatching event socket_response
2022-01-03 00:06:23,925:DEBUG:discord.gateway: Keeping shard ID None websocket alive with sequence 4.
2022-01-03 00:06:24,011:DEBUG:discord.client: Dispatching event socket_raw_receive
2022-01-03 00:06:24,012:DEBUG:discord.gateway: For Shard ID None: WebSocket Event: {'t': None, 's': None, 'op': 11, 'd': None}
2022-01-03 00:06:24,014:DEBUG:discord.client: Dispatching event socket_response
2022-01-03 00:07:05,190:DEBUG:discord.gateway: Keeping shard ID None websocket alive with sequence 4.
2022-01-03 00:07:05,291:DEBUG:discord.client: Dispatching event socket_raw_receive
2022-01-03 00:07:05,291:DEBUG:discord.gateway: For Shard ID None: WebSocket Event: {'t': None, 's': None, 'op': 11, 'd': None}
2022-01-03 00:07:05,293:DEBUG:discord.client: Dispatching event socket_response
2022-01-03 00:07:46,446:DEBUG:discord.gateway: Keeping shard ID None websocket alive with sequence 4.
2022-01-03 00:07:46,537:DEBUG:discord.client: Dispatching event socket_raw_receive
2022-01-03 00:07:46,537:DEBUG:discord.gateway: For Shard ID None: WebSocket Event: {'t': None, 's': None, 'op': 11, 'd': None}
2022-01-03 00:07:46,538:DEBUG:discord.client: Dispatching event socket_response
2022-01-03 00:08:27,699:DEBUG:discord.gateway: Keeping shard ID None websocket alive with sequence 4.
2022-01-03 00:08:27,787:DEBUG:discord.client: Dispatching event socket_raw_receive
2022-01-03 00:08:27,787:DEBUG:discord.gateway: For Shard ID None: WebSocket Event: {'t': None, 's': None, 'op': 11, 'd': None}
2022-01-03 00:08:27,788:DEBUG:discord.client: Dispatching event socket_response
2022-01-03 00:08:33,560:DEBUG:discord.client: Dispatching event socket_raw_receive
2022-01-03 00:08:33,561:DEBUG:discord.gateway: For Shard ID None: WebSocket Event: {'t': 'TYPING_START', 's': 5, 'op': 0, 'd': {'user_id': '397458861067468810', 'timestamp': 1641197312, 'member': {'user': {'username': 'ecii', 'public_flags': 64, 'id': '397458861067468810', 'discriminator': '6455', 'avatar': '646295253a0945a6c6cb01ef90a1d26a'}, 'roles': [], 'mute': False, 'joined_at': '2022-01-03T06:14:55.065000+00:00', 'hoisted_role': None, 'deaf': False}, 'channel_id': '927444899169726477', 'guild_id': '927444899169726474'}}
2022-01-03 00:08:33,562:DEBUG:discord.client: Dispatching event socket_response
2022-01-03 00:08:33,563:DEBUG:discord.client: Dispatching event typing
2022-01-03 00:08:35,790:DEBUG:discord.client: Dispatching event socket_raw_receive
2022-01-03 00:08:35,790:DEBUG:discord.gateway: For Shard ID None: WebSocket Event: {'t': 'MESSAGE_CREATE', 's': 6, 'op': 0, 'd': {'type': 0, 'tts': False, 'timestamp': '2022-01-03T08:08:34.727000+00:00', 'referenced_message': None, 'pinned': False, 'nonce': '927473506273198080', 'mentions': [], 'mention_roles': [], 'mention_everyone': False, 'member': {'roles': [], 'mute': False, 'joined_at': '2022-01-03T06:14:55.065000+00:00', 'hoisted_role': None, 'deaf': False}, 'id': '927473502947258399', 'flags': 0, 'embeds': [], 'edited_timestamp': None, 'content': '$echo tw', 'components': [], 'channel_id': '927444899169726477', 'author': {'username': 'ecii', 'public_flags': 64, 'id': '397458861067468810', 'discriminator': '6455', 'avatar': '646295253a0945a6c6cb01ef90a1d26a'}, 'attachments': [], 'guild_id': '927444899169726474'}}
2022-01-03 00:08:35,792:DEBUG:discord.client: Dispatching event socket_response
2022-01-03 00:08:35,810:DEBUG:discord.client: Dispatching event message
2022-01-03 00:08:35,812:DEBUG:discord.client: Dispatching event command
2022-01-03 00:08:35,998:DEBUG:discord.client: Dispatching event socket_raw_receive
2022-01-03 00:08:35,998:DEBUG:discord.gateway: For Shard ID None: WebSocket Event: {'t': 'MESSAGE_CREATE', 's': 7, 'op': 0, 'd': {'type': 0, 'tts': False, 'timestamp': '2022-01-03T08:08:35.041000+00:00', 'referenced_message': None, 'pinned': False, 'mentions': [], 'mention_roles': [], 'mention_everyone': False, 'member': {'roles': [], 'premium_since': None, 'pending': False, 'nick': None, 'mute': False, 'joined_at': '2022-01-03T06:16:24.316539+00:00', 'hoisted_role': None, 'deaf': False, 'communication_disabled_until': None, 'avatar': None}, 'id': '927473504264286238', 'flags': 0, 'embeds': [], 'edited_timestamp': None, 'content': 'tw', 'components': [], 'channel_id': '927444899169726477', 'author': {'username': 'TestBot', 'public_flags': 0, 'id': '927435202819653653', 'discriminator': '1837', 'bot': True, 'avatar': None}, 'attachments': [], 'guild_id': '927444899169726474'}}
2022-01-03 00:08:36,000:DEBUG:discord.client: Dispatching event socket_response
2022-01-03 00:08:36,019:DEBUG:discord.client: Dispatching event message
2022-01-03 00:08:36,020:DEBUG:discord.http: POST https://discord.com/api/v7/channels/927444899169726477/messages with {"content":"tw"} has returned 200
2022-01-03 00:08:36,022:DEBUG:discord.http: POST https://discord.com/api/v7/channels/927444899169726477/messages has received {'id': '927473504264286238', 'type': 0, 'content': 'tw', 'channel_id': '927444899169726477', 'author': {'id': '927435202819653653', 'username': 'TestBot', 'avatar': None, 'discriminator': '1837', 'public_flags': 0, 'bot': True}, 'attachments': [], 'embeds': [], 'mentions': [], 'mention_roles': [], 'pinned': False, 'mention_everyone': False, 'tts': False, 'timestamp': '2022-01-03T08:08:35.041000+00:00', 'edited_timestamp': None, 'flags': 0, 'components': [], 'referenced_message': None}
2022-01-03 00:08:36,023:DEBUG:discord.client: Dispatching event command_completion
2022-01-03 00:08:39,046:DEBUG:discord.client: Dispatching event socket_raw_receive
2022-01-03 00:08:39,046:DEBUG:discord.gateway: For Shard ID None: WebSocket Event: {'t': 'TYPING_START', 's': 8, 'op': 0, 'd': {'user_id': '397458861067468810', 'timestamp': 1641197318, 'member': {'user': {'username': 'ecii', 'public_flags': 64, 'id': '397458861067468810', 'discriminator': '6455', 'avatar': '646295253a0945a6c6cb01ef90a1d26a'}, 'roles': [], 'mute': False, 'joined_at': '2022-01-03T06:14:55.065000+00:00', 'hoisted_role': None, 'deaf': False}, 'channel_id': '927444899169726477', 'guild_id': '927444899169726474'}}
2022-01-03 00:08:39,047:DEBUG:discord.client: Dispatching event socket_response
2022-01-03 00:08:39,048:DEBUG:discord.client: Dispatching event typing
2022-01-03 00:08:52,934:DEBUG:discord.client: Dispatching event socket_raw_receive
2022-01-03 00:08:52,934:DEBUG:discord.gateway: For Shard ID None: WebSocket Event: {'t': 'MESSAGE_CREATE', 's': 9, 'op': 0, 'd': {'type': 0, 'tts': False, 'timestamp': '2022-01-03T08:08:51.984000+00:00', 'referenced_message': None, 'pinned': False, 'nonce': '927473578696245248', 'mentions': [], 'mention_roles': [], 'mention_everyone': False, 'member': {'roles': [], 'mute': False, 'joined_at': '2022-01-03T06:14:55.065000+00:00', 'hoisted_role': None, 'deaf': False}, 'id': '927473575328350248', 'flags': 0, 'embeds': [], 'edited_timestamp': None, 'content': '$changeCommandPrefix !', 'components': [], 'channel_id': '927444899169726477', 'author': {'username': 'ecii', 'public_flags': 64, 'id': '397458861067468810', 'discriminator': '6455', 'avatar': '646295253a0945a6c6cb01ef90a1d26a'}, 'attachments': [], 'guild_id': '927444899169726474'}}
2022-01-03 00:08:52,936:DEBUG:discord.client: Dispatching event socket_response
2022-01-03 00:08:52,937:DEBUG:discord.client: Dispatching event message
2022-01-03 00:08:52,937:DEBUG:discord.client: Dispatching event command
2022-01-03 00:08:52,945:DEBUG:discord.client: Dispatching event command_error
2022-01-03 00:09:01,955:DEBUG:discord.client: Dispatching event socket_raw_receive
2022-01-03 00:09:01,956:DEBUG:discord.gateway: For Shard ID None: WebSocket Event: {'t': 'TYPING_START', 's': 10, 'op': 0, 'd': {'user_id': '397458861067468810', 'timestamp': 1641197341, 'member': {'user': {'username': 'ecii', 'public_flags': 64, 'id': '397458861067468810', 'discriminator': '6455', 'avatar': '646295253a0945a6c6cb01ef90a1d26a'}, 'roles': [], 'mute': False, 'joined_at': '2022-01-03T06:14:55.065000+00:00', 'hoisted_role': None, 'deaf': False}, 'channel_id': '927444899169726477', 'guild_id': '927444899169726474'}}
2022-01-03 00:09:01,958:DEBUG:discord.client: Dispatching event socket_response
2022-01-03 00:09:01,959:DEBUG:discord.client: Dispatching event typing
2022-01-03 00:09:02,422:DEBUG:discord.client: Dispatching event socket_raw_receive
2022-01-03 00:09:02,422:DEBUG:discord.gateway: For Shard ID None: WebSocket Event: {'t': 'MESSAGE_CREATE', 's': 11, 'op': 0, 'd': {'type': 0, 'tts': False, 'timestamp': '2022-01-03T08:09:01.379000+00:00', 'referenced_message': None, 'pinned': False, 'nonce': '927473618399526912', 'mentions': [], 'mention_roles': [], 'mention_everyone': False, 'member': {'roles': [], 'mute': False, 'joined_at': '2022-01-03T06:14:55.065000+00:00', 'hoisted_role': None, 'deaf': False}, 'id': '927473614733848609', 'flags': 0, 'embeds': [], 'edited_timestamp': None, 'content': '$echo tw', 'components': [], 'channel_id': '927444899169726477', 'author': {'username': 'ecii', 'public_flags': 64, 'id': '397458861067468810', 'discriminator': '6455', 'avatar': '646295253a0945a6c6cb01ef90a1d26a'}, 'attachments': [], 'guild_id': '927444899169726474'}}
2022-01-03 00:09:02,423:DEBUG:discord.client: Dispatching event socket_response
2022-01-03 00:09:02,459:DEBUG:discord.client: Dispatching event message
2022-01-03 00:09:02,461:DEBUG:discord.client: Dispatching event command
2022-01-03 00:09:02,698:DEBUG:discord.client: Dispatching event socket_raw_receive
2022-01-03 00:09:02,698:DEBUG:discord.gateway: For Shard ID None: WebSocket Event: {'t': 'MESSAGE_CREATE', 's': 12, 'op': 0, 'd': {'type': 0, 'tts': False, 'timestamp': '2022-01-03T08:09:01.736000+00:00', 'referenced_message': None, 'pinned': False, 'mentions': [], 'mention_roles': [], 'mention_everyone': False, 'member': {'roles': [], 'premium_since': None, 'pending': False, 'nick': None, 'mute': False, 'joined_at': '2022-01-03T06:16:24.316539+00:00', 'hoisted_role': None, 'deaf': False, 'communication_disabled_until': None, 'avatar': None}, 'id': '927473616231219210', 'flags': 0, 'embeds': [], 'edited_timestamp': None, 'content': 'tw', 'components': [], 'channel_id': '927444899169726477', 'author': {'username': 'TestBot', 'public_flags': 0, 'id': '927435202819653653', 'discriminator': '1837', 'bot': True, 'avatar': None}, 'attachments': [], 'guild_id': '927444899169726474'}}
2022-01-03 00:09:02,700:DEBUG:discord.client: Dispatching event socket_response
2022-01-03 00:09:02,718:DEBUG:discord.client: Dispatching event message
2022-01-03 00:09:02,721:DEBUG:discord.http: POST https://discord.com/api/v7/channels/927444899169726477/messages with {"content":"tw"} has returned 200
2022-01-03 00:09:02,721:DEBUG:discord.http: POST https://discord.com/api/v7/channels/927444899169726477/messages has received {'id': '927473616231219210', 'type': 0, 'content': 'tw', 'channel_id': '927444899169726477', 'author': {'id': '927435202819653653', 'username': 'TestBot', 'avatar': None, 'discriminator': '1837', 'public_flags': 0, 'bot': True}, 'attachments': [], 'embeds': [], 'mentions': [], 'mention_roles': [], 'pinned': False, 'mention_everyone': False, 'tts': False, 'timestamp': '2022-01-03T08:09:01.736000+00:00', 'edited_timestamp': None, 'flags': 0, 'components': [], 'referenced_message': None}
2022-01-03 00:09:02,722:DEBUG:discord.client: Dispatching event command_completion
2022-01-03 00:09:05,790:DEBUG:discord.client: Dispatching event socket_raw_receive
2022-01-03 00:09:05,790:DEBUG:discord.gateway: For Shard ID None: WebSocket Event: {'t': 'TYPING_START', 's': 13, 'op': 0, 'd': {'user_id': '397458861067468810', 'timestamp': 1641197344, 'member': {'user': {'username': 'ecii', 'public_flags': 64, 'id': '397458861067468810', 'discriminator': '6455', 'avatar': '646295253a0945a6c6cb01ef90a1d26a'}, 'roles': [], 'mute': False, 'joined_at': '2022-01-03T06:14:55.065000+00:00', 'hoisted_role': None, 'deaf': False}, 'channel_id': '927444899169726477', 'guild_id': '927444899169726474'}}
2022-01-03 00:09:05,792:DEBUG:discord.client: Dispatching event socket_response
2022-01-03 00:09:05,793:DEBUG:discord.client: Dispatching event typing
2022-01-03 00:09:06,834:DEBUG:discord.client: Dispatching event socket_raw_receive
2022-01-03 00:09:06,834:DEBUG:discord.gateway: For Shard ID None: WebSocket Event: {'t': 'MESSAGE_CREATE', 's': 14, 'op': 0, 'd': {'type': 0, 'tts': False, 'timestamp': '2022-01-03T08:09:05.771000+00:00', 'referenced_message': None, 'pinned': False, 'nonce': '927473636950933504', 'mentions': [], 'mention_roles': [], 'mention_everyone': False, 'member': {'roles': [], 'mute': False, 'joined_at': '2022-01-03T06:14:55.065000+00:00', 'hoisted_role': None, 'deaf': False}, 'id': '927473633155231755', 'flags': 0, 'embeds': [], 'edited_timestamp': None, 'content': '!echo tw', 'components': [], 'channel_id': '927444899169726477', 'author': {'username': 'ecii', 'public_flags': 64, 'id': '397458861067468810', 'discriminator': '6455', 'avatar': '646295253a0945a6c6cb01ef90a1d26a'}, 'attachments': [], 'guild_id': '927444899169726474'}}
2022-01-03 00:09:06,836:DEBUG:discord.client: Dispatching event socket_response
2022-01-03 00:09:06,876:DEBUG:discord.client: Dispatching event message
2022-01-03 00:09:08,958:DEBUG:discord.gateway: Keeping shard ID None websocket alive with sequence 14.
2022-01-03 00:09:09,043:DEBUG:discord.client: Dispatching event socket_raw_receive
2022-01-03 00:09:09,044:DEBUG:discord.gateway: For Shard ID None: WebSocket Event: {'t': None, 's': None, 'op': 11, 'd': None}
2022-01-03 00:09:09,045:DEBUG:discord.client: Dispatching event socket_response
2022-01-03 00:09:50,210:DEBUG:discord.gateway: Keeping shard ID None websocket alive with sequence 14.
2022-01-03 00:09:50,337:DEBUG:discord.client: Dispatching event socket_raw_receive
2022-01-03 00:09:50,338:DEBUG:discord.gateway: For Shard ID None: WebSocket Event: {'t': None, 's': None, 'op': 11, 'd': None}
2022-01-03 00:09:50,339:DEBUG:discord.client: Dispatching event socket_response
2022-01-03 00:10:31,472:DEBUG:discord.gateway: Keeping shard ID None websocket alive with sequence 14.
2022-01-03 00:10:31,563:DEBUG:discord.client: Dispatching event socket_raw_receive
2022-01-03 00:10:31,564:DEBUG:discord.gateway: For Shard ID None: WebSocket Event: {'t': None, 's': None, 'op': 11, 'd': None}
2022-01-03 00:10:31,565:DEBUG:discord.client: Dispatching event socket_response
2022-01-03 00:11:12,726:DEBUG:discord.gateway: Keeping shard ID None websocket alive with sequence 14.
2022-01-03 00:11:12,816:DEBUG:discord.client: Dispatching event socket_raw_receive
2022-01-03 00:11:12,816:DEBUG:discord.gateway: For Shard ID None: WebSocket Event: {'t': None, 's': None, 'op': 11, 'd': None}
2022-01-03 00:11:12,817:DEBUG:discord.client: Dispatching event socket_response
2022-01-03 00:11:53,981:DEBUG:discord.gateway: Keeping shard ID None websocket alive with sequence 14.
2022-01-03 00:11:54,066:DEBUG:discord.client: Dispatching event socket_raw_receive
2022-01-03 00:11:54,067:DEBUG:discord.gateway: For Shard ID None: WebSocket Event: {'t': None, 's': None, 'op': 11, 'd': None}
2022-01-03 00:11:54,068:DEBUG:discord.client: Dispatching event socket_response
2022-01-03 00:12:35,235:DEBUG:discord.gateway: Keeping shard ID None websocket alive with sequence 14.
2022-01-03 00:12:35,319:DEBUG:discord.client: Dispatching event socket_raw_receive
2022-01-03 00:12:35,319:DEBUG:discord.gateway: For Shard ID None: WebSocket Event: {'t': None, 's': None, 'op': 11, 'd': None}
2022-01-03 00:12:35,321:DEBUG:discord.client: Dispatching event socket_response
2022-01-03 00:13:16,488:DEBUG:discord.gateway: Keeping shard ID None websocket alive with sequence 14.
2022-01-03 00:13:16,576:DEBUG:discord.client: Dispatching event socket_raw_receive
2022-01-03 00:13:16,576:DEBUG:discord.gateway: For Shard ID None: WebSocket Event: {'t': None, 's': None, 'op': 11, 'd': None}
2022-01-03 00:13:16,577:DEBUG:discord.client: Dispatching event socket_response
2022-01-03 00:13:57,749:DEBUG:discord.gateway: Keeping shard ID None websocket alive with sequence 14.
2022-01-03 00:13:57,874:DEBUG:discord.client: Dispatching event socket_raw_receive
2022-01-03 00:13:57,874:DEBUG:discord.gateway: For Shard ID None: WebSocket Event: {'t': None, 's': None, 'op': 11, 'd': None}
2022-01-03 00:13:57,877:DEBUG:discord.client: Dispatching event socket_response
2022-01-03 00:14:39,012:DEBUG:discord.gateway: Keeping shard ID None websocket alive with sequence 14.
2022-01-03 00:14:39,132:DEBUG:discord.client: Dispatching event socket_raw_receive
2022-01-03 00:14:39,133:DEBUG:discord.gateway: For Shard ID None: WebSocket Event: {'t': None, 's': None, 'op': 11, 'd': None}
2022-01-03 00:14:39,134:DEBUG:discord.client: Dispatching event socket_response
2022-01-03 00:15:20,269:DEBUG:discord.gateway: Keeping shard ID None websocket alive with sequence 14.
2022-01-03 00:15:20,353:DEBUG:discord.client: Dispatching event socket_raw_receive
2022-01-03 00:15:20,354:DEBUG:discord.gateway: For Shard ID None: WebSocket Event: {'t': None, 's': None, 'op': 11, 'd': None}
2022-01-03 00:15:20,355:DEBUG:discord.client: Dispatching event socket_response
2022-01-03 00:16:01,522:DEBUG:discord.gateway: Keeping shard ID None websocket alive with sequence 14.
2022-01-03 00:16:01,609:DEBUG:discord.client: Dispatching event socket_raw_receive
2022-01-03 00:16:01,609:DEBUG:discord.gateway: For Shard ID None: WebSocket Event: {'t': None, 's': None, 'op': 11, 'd': None}
2022-01-03 00:16:01,610:DEBUG:discord.client: Dispatching event socket_response
2022-01-03 00:16:42,778:DEBUG:discord.gateway: Keeping shard ID None websocket alive with sequence 14.
2022-01-03 00:16:42,866:DEBUG:discord.client: Dispatching event socket_raw_receive
2022-01-03 00:16:42,866:DEBUG:discord.gateway: For Shard ID None: WebSocket Event: {'t': None, 's': None, 'op': 11, 'd': None}
2022-01-03 00:16:42,867:DEBUG:discord.client: Dispatching event socket_response
2022-01-03 00:17:24,035:DEBUG:discord.gateway: Keeping shard ID None websocket alive with sequence 14.
2022-01-03 00:17:24,121:DEBUG:discord.client: Dispatching event socket_raw_receive
2022-01-03 00:17:24,121:DEBUG:discord.gateway: For Shard ID None: WebSocket Event: {'t': None, 's': None, 'op': 11, 'd': None}
2022-01-03 00:17:24,122:DEBUG:discord.client: Dispatching event socket_response
2022-01-03 00:18:05,288:DEBUG:discord.gateway: Keeping shard ID None websocket alive with sequence 14.
2022-01-03 00:18:05,378:DEBUG:discord.client: Dispatching event socket_raw_receive
2022-01-03 00:18:05,378:DEBUG:discord.gateway: For Shard ID None: WebSocket Event: {'t': None, 's': None, 'op': 11, 'd': None}
2022-01-03 00:18:05,379:DEBUG:discord.client: Dispatching event socket_response
2022-01-03 00:18:46,542:DEBUG:discord.gateway: Keeping shard ID None websocket alive with sequence 14.
2022-01-03 00:18:46,632:DEBUG:discord.client: Dispatching event socket_raw_receive
2022-01-03 00:18:46,634:DEBUG:discord.gateway: For Shard ID None: WebSocket Event: {'t': None, 's': None, 'op': 11, 'd': None}
2022-01-03 00:18:46,635:DEBUG:discord.client: Dispatching event socket_response
2022-01-03 00:19:27,801:DEBUG:discord.gateway: Keeping shard ID None websocket alive with sequence 14.
2022-01-03 00:19:27,887:DEBUG:discord.client: Dispatching event socket_raw_receive
2022-01-03 00:19:27,887:DEBUG:discord.gateway: For Shard ID None: WebSocket Event: {'t': None, 's': None, 'op': 11, 'd': None}
2022-01-03 00:19:27,888:DEBUG:discord.client: Dispatching event socket_response
2022-01-03 00:20:09,056:DEBUG:discord.gateway: Keeping shard ID None websocket alive with sequence 14.
2022-01-03 00:20:09,151:DEBUG:discord.client: Dispatching event socket_raw_receive
2022-01-03 00:20:09,152:DEBUG:discord.gateway: For Shard ID None: WebSocket Event: {'t': None, 's': None, 'op': 11, 'd': None}
2022-01-03 00:20:09,153:DEBUG:discord.client: Dispatching event socket_response
2022-01-03 00:20:50,321:DEBUG:discord.gateway: Keeping shard ID None websocket alive with sequence 14.
2022-01-03 00:20:50,406:DEBUG:discord.client: Dispatching event socket_raw_receive
2022-01-03 00:20:50,406:DEBUG:discord.gateway: For Shard ID None: WebSocket Event: {'t': None, 's': None, 'op': 11, 'd': None}
2022-01-03 00:20:50,408:DEBUG:discord.client: Dispatching event socket_response
2022-01-03 00:21:31,585:DEBUG:discord.gateway: Keeping shard ID None websocket alive with sequence 14.
2022-01-03 00:21:31,678:DEBUG:discord.client: Dispatching event socket_raw_receive
2022-01-03 00:21:31,679:DEBUG:discord.gateway: For Shard ID None: WebSocket Event: {'t': None, 's': None, 'op': 11, 'd': None}
2022-01-03 00:21:31,681:DEBUG:discord.client: Dispatching event socket_response
2022-01-03 00:22:12,845:DEBUG:discord.gateway: Keeping shard ID None websocket alive with sequence 14.
2022-01-03 00:22:12,933:DEBUG:discord.client: Dispatching event socket_raw_receive
2022-01-03 00:22:12,933:DEBUG:discord.gateway: For Shard ID None: WebSocket Event: {'t': None, 's': None, 'op': 11, 'd': None}
2022-01-03 00:22:12,935:DEBUG:discord.client: Dispatching event socket_response
2022-01-03 00:22:54,111:DEBUG:discord.gateway: Keeping shard ID None websocket alive with sequence 14.
2022-01-03 00:22:54,195:DEBUG:discord.client: Dispatching event socket_raw_receive
2022-01-03 00:22:54,196:DEBUG:discord.gateway: For Shard ID None: WebSocket Event: {'t': None, 's': None, 'op': 11, 'd': None}
2022-01-03 00:22:54,197:DEBUG:discord.client: Dispatching event socket_response
2022-01-03 00:23:35,369:DEBUG:discord.gateway: Keeping shard ID None websocket alive with sequence 14.
2022-01-03 00:23:35,453:DEBUG:discord.client: Dispatching event socket_raw_receive
2022-01-03 00:23:35,453:DEBUG:discord.gateway: For Shard ID None: WebSocket Event: {'t': None, 's': None, 'op': 11, 'd': None}
2022-01-03 00:23:35,454:DEBUG:discord.client: Dispatching event socket_response
2022-01-03 00:24:16,628:DEBUG:discord.gateway: Keeping shard ID None websocket alive with sequence 14.
2022-01-03 00:24:16,715:DEBUG:discord.client: Dispatching event socket_raw_receive
2022-01-03 00:24:16,716:DEBUG:discord.gateway: For Shard ID None: WebSocket Event: {'t': None, 's': None, 'op': 11, 'd': None}
2022-01-03 00:24:16,718:DEBUG:discord.client: Dispatching event socket_response
2022-01-03 00:24:57,879:DEBUG:discord.gateway: Keeping shard ID None websocket alive with sequence 14.
2022-01-03 00:24:57,979:DEBUG:discord.client: Dispatching event socket_raw_receive
2022-01-03 00:24:57,979:DEBUG:discord.gateway: For Shard ID None: WebSocket Event: {'t': None, 's': None, 'op': 11, 'd': None}
2022-01-03 00:24:57,981:DEBUG:discord.client: Dispatching event socket_response
2022-01-03 00:25:39,144:DEBUG:discord.gateway: Keeping shard ID None websocket alive with sequence 14.
2022-01-03 00:25:39,230:DEBUG:discord.client: Dispatching event socket_raw_receive
2022-01-03 00:25:39,230:DEBUG:discord.gateway: For Shard ID None: WebSocket Event: {'t': None, 's': None, 'op': 11, 'd': None}
2022-01-03 00:25:39,231:DEBUG:discord.client: Dispatching event socket_response
2022-01-03 00:26:20,406:DEBUG:discord.gateway: Keeping shard ID None websocket alive with sequence 14.
2022-01-03 00:26:20,491:DEBUG:discord.client: Dispatching event socket_raw_receive
2022-01-03 00:26:20,492:DEBUG:discord.gateway: For Shard ID None: WebSocket Event: {'t': None, 's': None, 'op': 11, 'd': None}
2022-01-03 00:26:20,493:DEBUG:discord.client: Dispatching event socket_response
2022-01-03 00:27:01,660:DEBUG:discord.gateway: Keeping shard ID None websocket alive with sequence 14.
2022-01-03 00:27:01,754:DEBUG:discord.client: Dispatching event socket_raw_receive
2022-01-03 00:27:01,754:DEBUG:discord.gateway: For Shard ID None: WebSocket Event: {'t': None, 's': None, 'op': 11, 'd': None}
2022-01-03 00:27:01,756:DEBUG:discord.client: Dispatching event socket_response
2022-01-03 00:27:42,921:DEBUG:discord.gateway: Keeping shard ID None websocket alive with sequence 14.
2022-01-03 00:27:43,010:DEBUG:discord.client: Dispatching event socket_raw_receive
2022-01-03 00:27:43,010:DEBUG:discord.gateway: For Shard ID None: WebSocket Event: {'t': None, 's': None, 'op': 11, 'd': None}
2022-01-03 00:27:43,013:DEBUG:discord.client: Dispatching event socket_response
2022-01-03 00:28:24,183:DEBUG:discord.gateway: Keeping shard ID None websocket alive with sequence 14.
2022-01-03 00:28:24,268:DEBUG:discord.client: Dispatching event socket_raw_receive
2022-01-03 00:28:24,268:DEBUG:discord.gateway: For Shard ID None: WebSocket Event: {'t': None, 's': None, 'op': 11, 'd': None}
2022-01-03 00:28:24,270:DEBUG:discord.client: Dispatching event socket_response
2022-01-03 00:29:05,435:DEBUG:discord.gateway: Keeping shard ID None websocket alive with sequence 14.
2022-01-03 00:29:05,521:DEBUG:discord.client: Dispatching event socket_raw_receive
2022-01-03 00:29:05,522:DEBUG:discord.gateway: For Shard ID None: WebSocket Event: {'t': None, 's': None, 'op': 11, 'd': None}
2022-01-03 00:29:05,523:DEBUG:discord.client: Dispatching event socket_response
2022-01-03 00:29:46,690:DEBUG:discord.gateway: Keeping shard ID None websocket alive with sequence 14.
2022-01-03 00:29:46,803:DEBUG:discord.client: Dispatching event socket_raw_receive
2022-01-03 00:29:46,804:DEBUG:discord.gateway: For Shard ID None: WebSocket Event: {'t': None, 's': None, 'op': 11, 'd': None}
2022-01-03 00:29:46,805:DEBUG:discord.client: Dispatching event socket_response
2022-01-03 00:30:27,950:DEBUG:discord.gateway: Keeping shard ID None websocket alive with sequence 14.
2022-01-03 00:30:28,035:DEBUG:discord.client: Dispatching event socket_raw_receive
2022-01-03 00:30:28,035:DEBUG:discord.gateway: For Shard ID None: WebSocket Event: {'t': None, 's': None, 'op': 11, 'd': None}
2022-01-03 00:30:28,036:DEBUG:discord.client: Dispatching event socket_response
2022-01-03 00:31:09,211:DEBUG:discord.gateway: Keeping shard ID None websocket alive with sequence 14.
2022-01-03 00:31:09,296:DEBUG:discord.client: Dispatching event socket_raw_receive
2022-01-03 00:31:09,296:DEBUG:discord.gateway: For Shard ID None: WebSocket Event: {'t': None, 's': None, 'op': 11, 'd': None}
2022-01-03 00:31:09,297:DEBUG:discord.client: Dispatching event socket_response
2022-01-03 00:31:50,469:DEBUG:discord.gateway: Keeping shard ID None websocket alive with sequence 14.
2022-01-03 00:31:50,552:DEBUG:discord.client: Dispatching event socket_raw_receive
2022-01-03 00:31:50,553:DEBUG:discord.gateway: For Shard ID None: WebSocket Event: {'t': None, 's': None, 'op': 11, 'd': None}
2022-01-03 00:31:50,554:DEBUG:discord.client: Dispatching event socket_response
2022-01-03 00:32:31,730:DEBUG:discord.gateway: Keeping shard ID None websocket alive with sequence 14.
2022-01-03 00:32:31,828:DEBUG:discord.client: Dispatching event socket_raw_receive
2022-01-03 00:32:31,829:DEBUG:discord.gateway: For Shard ID None: WebSocket Event: {'t': None, 's': None, 'op': 11, 'd': None}
2022-01-03 00:32:31,830:DEBUG:discord.client: Dispatching event socket_response
2022-01-03 00:33:12,996:DEBUG:discord.gateway: Keeping shard ID None websocket alive with sequence 14.
2022-01-03 00:33:13,084:DEBUG:discord.client: Dispatching event socket_raw_receive
2022-01-03 00:33:13,085:DEBUG:discord.gateway: For Shard ID None: WebSocket Event: {'t': None, 's': None, 'op': 11, 'd': None}
2022-01-03 00:33:13,087:DEBUG:discord.client: Dispatching event socket_response
2022-01-03 00:33:54,249:DEBUG:discord.gateway: Keeping shard ID None websocket alive with sequence 14.
2022-01-03 00:33:54,335:DEBUG:discord.client: Dispatching event socket_raw_receive
2022-01-03 00:33:54,336:DEBUG:discord.gateway: For Shard ID None: WebSocket Event: {'t': None, 's': None, 'op': 11, 'd': None}
2022-01-03 00:33:54,337:DEBUG:discord.client: Dispatching event socket_response
2022-01-03 00:34:35,515:DEBUG:discord.gateway: Keeping shard ID None websocket alive with sequence 14.
2022-01-03 00:34:35,601:DEBUG:discord.client: Dispatching event socket_raw_receive
2022-01-03 00:34:35,601:DEBUG:discord.gateway: For Shard ID None: WebSocket Event: {'t': None, 's': None, 'op': 11, 'd': None}
2022-01-03 00:34:35,602:DEBUG:discord.client: Dispatching event socket_response
2022-01-03 00:35:16,781:DEBUG:discord.gateway: Keeping shard ID None websocket alive with sequence 14.
2022-01-03 00:35:16,866:DEBUG:discord.client: Dispatching event socket_raw_receive
2022-01-03 00:35:16,866:DEBUG:discord.gateway: For Shard ID None: WebSocket Event: {'t': None, 's': None, 'op': 11, 'd': None}
2022-01-03 00:35:16,868:DEBUG:discord.client: Dispatching event socket_response
2022-01-03 00:35:58,036:DEBUG:discord.gateway: Keeping shard ID None websocket alive with sequence 14.
2022-01-03 00:35:58,123:DEBUG:discord.client: Dispatching event socket_raw_receive
2022-01-03 00:35:58,124:DEBUG:discord.gateway: For Shard ID None: WebSocket Event: {'t': None, 's': None, 'op': 11, 'd': None}
2022-01-03 00:35:58,125:DEBUG:discord.client: Dispatching event socket_response
2022-01-03 00:36:39,301:DEBUG:discord.gateway: Keeping shard ID None websocket alive with sequence 14.
2022-01-03 00:36:39,384:DEBUG:discord.client: Dispatching event socket_raw_receive
2022-01-03 00:36:39,385:DEBUG:discord.gateway: For Shard ID None: WebSocket Event: {'t': None, 's': None, 'op': 11, 'd': None}
2022-01-03 00:36:39,386:DEBUG:discord.client: Dispatching event socket_response
2022-01-03 00:37:20,560:DEBUG:discord.gateway: Keeping shard ID None websocket alive with sequence 14.
2022-01-03 00:37:20,645:DEBUG:discord.client: Dispatching event socket_raw_receive
2022-01-03 00:37:20,646:DEBUG:discord.gateway: For Shard ID None: WebSocket Event: {'t': None, 's': None, 'op': 11, 'd': None}
2022-01-03 00:37:20,647:DEBUG:discord.client: Dispatching event socket_response
2022-01-03 00:38:01,814:DEBUG:discord.gateway: Keeping shard ID None websocket alive with sequence 14.
2022-01-03 00:38:01,905:DEBUG:discord.client: Dispatching event socket_raw_receive
2022-01-03 00:38:01,905:DEBUG:discord.gateway: For Shard ID None: WebSocket Event: {'t': None, 's': None, 'op': 11, 'd': None}
2022-01-03 00:38:01,906:DEBUG:discord.client: Dispatching event socket_response
2022-01-03 00:38:43,078:DEBUG:discord.gateway: Keeping shard ID None websocket alive with sequence 14.
2022-01-03 00:38:43,162:DEBUG:discord.client: Dispatching event socket_raw_receive
2022-01-03 00:38:43,162:DEBUG:discord.gateway: For Shard ID None: WebSocket Event: {'t': None, 's': None, 'op': 11, 'd': None}
2022-01-03 00:38:43,163:DEBUG:discord.client: Dispatching event socket_response
2022-01-03 00:39:24,333:DEBUG:discord.gateway: Keeping shard ID None websocket alive with sequence 14.
2022-01-03 00:39:24,420:DEBUG:discord.client: Dispatching event socket_raw_receive
2022-01-03 00:39:24,420:DEBUG:discord.gateway: For Shard ID None: WebSocket Event: {'t': None, 's': None, 'op': 11, 'd': None}
2022-01-03 00:39:24,421:DEBUG:discord.client: Dispatching event socket_response
2022-01-03 00:39:26,701:DEBUG:discord.client: Dispatching event socket_raw_receive
2022-01-03 00:39:26,702:DEBUG:discord.gateway: For Shard ID None: WebSocket Event: {'t': None, 's': None, 'op': 7, 'd': None}
2022-01-03 00:39:26,703:DEBUG:discord.client: Dispatching event socket_response
2022-01-03 00:39:26,703:DEBUG:discord.gateway: Received RECONNECT opcode.
2022-01-03 00:39:26,791:INFO:discord.client: Got a request to RESUME the websocket.
2022-01-03 00:39:26,791:DEBUG:discord.client: Dispatching event disconnect
2022-01-03 00:39:26,908:DEBUG:discord.http: GET https://discord.com/api/v7/gateway with None has returned 200
2022-01-03 00:39:26,909:DEBUG:discord.http: GET https://discord.com/api/v7/gateway has received {'url': 'wss://gateway.discord.gg'}
2022-01-03 00:39:27,072:DEBUG:discord.gateway: Created websocket connected to wss://gateway.discord.gg?encoding=json&v=6&compress=zlib-stream
2022-01-03 00:39:27,072:DEBUG:discord.client: Dispatching event socket_raw_receive
2022-01-03 00:39:27,073:DEBUG:discord.gateway: For Shard ID None: WebSocket Event: {'t': None, 's': None, 'op': 10, 'd': {'heartbeat_interval': 41250, '_trace': ['["gateway-prd-main-m2g5",{"micros":0.0}]']}}
2022-01-03 00:39:27,074:DEBUG:discord.client: Dispatching event socket_response
2022-01-03 00:39:27,075:DEBUG:discord.client: Dispatching event socket_raw_send
2022-01-03 00:39:27,075:DEBUG:discord.client: Dispatching event socket_raw_send
2022-01-03 00:39:27,076:INFO:discord.gateway: Shard ID None has sent the RESUME payload.
2022-01-03 00:39:27,165:DEBUG:discord.client: Dispatching event socket_raw_receive
2022-01-03 00:39:27,165:DEBUG:discord.gateway: For Shard ID None: WebSocket Event: {'t': None, 's': None, 'op': 11, 'd': None}
2022-01-03 00:39:27,167:DEBUG:discord.client: Dispatching event socket_response
2022-01-03 00:39:27,168:DEBUG:discord.client: Dispatching event socket_raw_receive
2022-01-03 00:39:27,168:DEBUG:discord.gateway: For Shard ID None: WebSocket Event: {'t': 'RESUMED', 's': 15, 'op': 0, 'd': {'_trace': ['["gateway-prd-main-m2g5",{"micros":554,"calls":["discord-sessions-blue-prd-2-175",{"micros":13}]}]']}}
2022-01-03 00:39:27,168:DEBUG:discord.client: Dispatching event socket_response
2022-01-03 00:39:27,169:INFO:discord.gateway: Shard ID None has successfully RESUMED session ef749d3ca20935d33867c9d5bcfd2dac under trace ["gateway-prd-main-m2g5",{"micros":554,"calls":["discord-sessions-blue-prd-2-175",{"micros":13}]}].
2022-01-03 00:39:27,169:DEBUG:discord.client: Dispatching event resumed
2022-01-03 00:40:08,330:DEBUG:discord.gateway: Keeping shard ID None websocket alive with sequence 15.
2022-01-03 00:40:08,422:DEBUG:discord.client: Dispatching event socket_raw_receive
2022-01-03 00:40:08,422:DEBUG:discord.gateway: For Shard ID None: WebSocket Event: {'t': None, 's': None, 'op': 11, 'd': None}
2022-01-03 00:40:08,424:DEBUG:discord.client: Dispatching event socket_response
2022-01-03 00:40:49,593:DEBUG:discord.gateway: Keeping shard ID None websocket alive with sequence 15.
2022-01-03 00:40:49,679:DEBUG:discord.client: Dispatching event socket_raw_receive
2022-01-03 00:40:49,679:DEBUG:discord.gateway: For Shard ID None: WebSocket Event: {'t': None, 's': None, 'op': 11, 'd': None}
2022-01-03 00:40:49,680:DEBUG:discord.client: Dispatching event socket_response
2022-01-03 00:41:30,850:DEBUG:discord.gateway: Keeping shard ID None websocket alive with sequence 15.
2022-01-03 00:41:30,940:DEBUG:discord.client: Dispatching event socket_raw_receive
2022-01-03 00:41:30,941:DEBUG:discord.gateway: For Shard ID None: WebSocket Event: {'t': None, 's': None, 'op': 11, 'd': None}
2022-01-03 00:41:30,942:DEBUG:discord.client: Dispatching event socket_response
2022-01-03 00:42:12,110:DEBUG:discord.gateway: Keeping shard ID None websocket alive with sequence 15.
2022-01-03 00:42:12,198:DEBUG:discord.client: Dispatching event socket_raw_receive
2022-01-03 00:42:12,198:DEBUG:discord.gateway: For Shard ID None: WebSocket Event: {'t': None, 's': None, 'op': 11, 'd': None}
2022-01-03 00:42:12,200:DEBUG:discord.client: Dispatching event socket_response
2022-01-03 00:42:53,370:DEBUG:discord.gateway: Keeping shard ID None websocket alive with sequence 15.
2022-01-03 00:42:53,457:DEBUG:discord.client: Dispatching event socket_raw_receive
2022-01-03 00:42:53,457:DEBUG:discord.gateway: For Shard ID None: WebSocket Event: {'t': None, 's': None, 'op': 11, 'd': None}
2022-01-03 00:42:53,458:DEBUG:discord.client: Dispatching event socket_response
2022-01-03 00:43:34,634:DEBUG:discord.gateway: Keeping shard ID None websocket alive with sequence 15.
2022-01-03 00:43:34,719:DEBUG:discord.client: Dispatching event socket_raw_receive
2022-01-03 00:43:34,719:DEBUG:discord.gateway: For Shard ID None: WebSocket Event: {'t': None, 's': None, 'op': 11, 'd': None}
2022-01-03 00:43:34,720:DEBUG:discord.client: Dispatching event socket_response
2022-01-03 00:44:15,893:DEBUG:discord.gateway: Keeping shard ID None websocket alive with sequence 15.
2022-01-03 00:44:16,015:DEBUG:discord.client: Dispatching event socket_raw_receive
2022-01-03 00:44:16,015:DEBUG:discord.gateway: For Shard ID None: WebSocket Event: {'t': None, 's': None, 'op': 11, 'd': None}
2022-01-03 00:44:16,017:DEBUG:discord.client: Dispatching event socket_response
2022-01-03 00:44:57,152:DEBUG:discord.gateway: Keeping shard ID None websocket alive with sequence 15.
2022-01-03 00:44:57,239:DEBUG:discord.client: Dispatching event socket_raw_receive
2022-01-03 00:44:57,239:DEBUG:discord.gateway: For Shard ID None: WebSocket Event: {'t': None, 's': None, 'op': 11, 'd': None}
2022-01-03 00:44:57,240:DEBUG:discord.client: Dispatching event socket_response
2022-01-03 00:45:38,403:DEBUG:discord.gateway: Keeping shard ID None websocket alive with sequence 15.
2022-01-03 00:45:38,494:DEBUG:discord.client: Dispatching event socket_raw_receive
2022-01-03 00:45:38,495:DEBUG:discord.gateway: For Shard ID None: WebSocket Event: {'t': None, 's': None, 'op': 11, 'd': None}
2022-01-03 00:45:38,496:DEBUG:discord.client: Dispatching event socket_response
2022-01-03 00:46:19,661:DEBUG:discord.gateway: Keeping shard ID None websocket alive with sequence 15.
2022-01-03 00:46:19,751:DEBUG:discord.client: Dispatching event socket_raw_receive
2022-01-03 00:46:19,751:DEBUG:discord.gateway: For Shard ID None: WebSocket Event: {'t': None, 's': None, 'op': 11, 'd': None}
2022-01-03 00:46:19,753:DEBUG:discord.client: Dispatching event socket_response
2022-01-03 00:47:00,921:DEBUG:discord.gateway: Keeping shard ID None websocket alive with sequence 15.
2022-01-03 00:47:01,007:DEBUG:discord.client: Dispatching event socket_raw_receive
2022-01-03 00:47:01,007:DEBUG:discord.gateway: For Shard ID None: WebSocket Event: {'t': None, 's': None, 'op': 11, 'd': None}
2022-01-03 00:47:01,009:DEBUG:discord.client: Dispatching event socket_response
2022-01-03 00:47:42,174:DEBUG:discord.gateway: Keeping shard ID None websocket alive with sequence 15.
2022-01-03 00:47:42,259:DEBUG:discord.client: Dispatching event socket_raw_receive
2022-01-03 00:47:42,259:DEBUG:discord.gateway: For Shard ID None: WebSocket Event: {'t': None, 's': None, 'op': 11, 'd': None}
2022-01-03 00:47:42,261:DEBUG:discord.client: Dispatching event socket_response
2022-01-03 00:48:23,434:DEBUG:discord.gateway: Keeping shard ID None websocket alive with sequence 15.
2022-01-03 00:48:23,522:DEBUG:discord.client: Dispatching event socket_raw_receive
2022-01-03 00:48:23,522:DEBUG:discord.gateway: For Shard ID None: WebSocket Event: {'t': None, 's': None, 'op': 11, 'd': None}
2022-01-03 00:48:23,523:DEBUG:discord.client: Dispatching event socket_response
2022-01-03 00:49:04,690:DEBUG:discord.gateway: Keeping shard ID None websocket alive with sequence 15.
2022-01-03 00:49:04,777:DEBUG:discord.client: Dispatching event socket_raw_receive
2022-01-03 00:49:04,777:DEBUG:discord.gateway: For Shard ID None: WebSocket Event: {'t': None, 's': None, 'op': 11, 'd': None}
2022-01-03 00:49:04,778:DEBUG:discord.client: Dispatching event socket_response
2022-01-03 00:49:45,948:DEBUG:discord.gateway: Keeping shard ID None websocket alive with sequence 15.
2022-01-03 00:49:46,037:DEBUG:discord.client: Dispatching event socket_raw_receive
2022-01-03 00:49:46,037:DEBUG:discord.gateway: For Shard ID None: WebSocket Event: {'t': None, 's': None, 'op': 11, 'd': None}
2022-01-03 00:49:46,038:DEBUG:discord.client: Dispatching event socket_response
2022-01-03 00:50:27,204:DEBUG:discord.gateway: Keeping shard ID None websocket alive with sequence 15.
2022-01-03 00:50:27,290:DEBUG:discord.client: Dispatching event socket_raw_receive
2022-01-03 00:50:27,290:DEBUG:discord.gateway: For Shard ID None: WebSocket Event: {'t': None, 's': None, 'op': 11, 'd': None}
2022-01-03 00:50:27,291:DEBUG:discord.client: Dispatching event socket_response
2022-01-03 00:51:08,470:DEBUG:discord.gateway: Keeping shard ID None websocket alive with sequence 15.
2022-01-03 00:51:08,564:DEBUG:discord.client: Dispatching event socket_raw_receive
2022-01-03 00:51:08,564:DEBUG:discord.gateway: For Shard ID None: WebSocket Event: {'t': None, 's': None, 'op': 11, 'd': None}
2022-01-03 00:51:08,565:DEBUG:discord.client: Dispatching event socket_response
2022-01-03 00:51:49,729:DEBUG:discord.gateway: Keeping shard ID None websocket alive with sequence 15.
2022-01-03 00:51:49,815:DEBUG:discord.client: Dispatching event socket_raw_receive
2022-01-03 00:51:49,816:DEBUG:discord.gateway: For Shard ID None: WebSocket Event: {'t': None, 's': None, 'op': 11, 'd': None}
2022-01-03 00:51:49,817:DEBUG:discord.client: Dispatching event socket_response
2022-01-03 00:52:30,995:DEBUG:discord.gateway: Keeping shard ID None websocket alive with sequence 15.
2022-01-03 00:52:31,089:DEBUG:discord.client: Dispatching event socket_raw_receive
2022-01-03 00:52:31,090:DEBUG:discord.gateway: For Shard ID None: WebSocket Event: {'t': None, 's': None, 'op': 11, 'd': None}
2022-01-03 00:52:31,091:DEBUG:discord.client: Dispatching event socket_response
2022-01-03 00:53:12,252:DEBUG:discord.gateway: Keeping shard ID None websocket alive with sequence 15.
2022-01-03 00:53:12,344:DEBUG:discord.client: Dispatching event socket_raw_receive
2022-01-03 00:53:12,344:DEBUG:discord.gateway: For Shard ID None: WebSocket Event: {'t': None, 's': None, 'op': 11, 'd': None}
2022-01-03 00:53:12,346:DEBUG:discord.client: Dispatching event socket_response
2022-01-03 00:53:53,504:DEBUG:discord.gateway: Keeping shard ID None websocket alive with sequence 15.
2022-01-03 00:53:53,587:DEBUG:discord.client: Dispatching event socket_raw_receive
2022-01-03 00:53:53,587:DEBUG:discord.gateway: For Shard ID None: WebSocket Event: {'t': None, 's': None, 'op': 11, 'd': None}
2022-01-03 00:53:53,589:DEBUG:discord.client: Dispatching event socket_response
2022-01-03 00:54:34,769:DEBUG:discord.gateway: Keeping shard ID None websocket alive with sequence 15.
2022-01-03 00:54:34,858:DEBUG:discord.client: Dispatching event socket_raw_receive
2022-01-03 00:54:34,859:DEBUG:discord.gateway: For Shard ID None: WebSocket Event: {'t': None, 's': None, 'op': 11, 'd': None}
2022-01-03 00:54:34,859:DEBUG:discord.client: Dispatching event socket_response
2022-01-03 00:55:16,030:DEBUG:discord.gateway: Keeping shard ID None websocket alive with sequence 15.
2022-01-03 00:55:16,127:DEBUG:discord.client: Dispatching event socket_raw_receive
2022-01-03 00:55:16,127:DEBUG:discord.gateway: For Shard ID None: WebSocket Event: {'t': None, 's': None, 'op': 11, 'd': None}
2022-01-03 00:55:16,129:DEBUG:discord.client: Dispatching event socket_response
2022-01-03 00:55:18,931:INFO:discord.client: Received signal to terminate bot and event loop.
2022-01-03 00:55:18,932:INFO:discord.client: Cleaning up tasks.
2022-01-03 00:55:18,933:INFO:discord.client: Cleaning up after 1 tasks.
2022-01-03 00:55:18,934:INFO:discord.client: All tasks finished cancelling.
2022-01-03 00:55:18,935:INFO:discord.client: Closing the event loop.
